[Thread debugging using libthread_db enabled]
Using host libthread_db library "/usr/lib64/libthread_db.so.1".
[23:45:29.238226] [log] [stage] 00 → 00
[23:45:29.238429] [>>>] main(void)
[23:45:29.238440] [>>>] myClipboardInit()
[23:45:29.238447] [log] [myClipboardInit] Init SDL...
[Detaching after fork from child process 24399]
[23:45:29.307089] [log] [myClipboardInit] Init TTF...
[23:45:29.307251] [log] [myClipboardInit] Load system fonts...
[23:45:29.307264] [>>>] cbSelfLoad(0x555555561500)
[23:45:29.307746] [<<<] cbSelfLoad() : OKE
[23:45:29.307784] [>>>] cbSelfLoad(0x555555561618)
[23:45:29.308110] [<<<] cbSelfLoad() : OKE
[23:45:29.308151] [>>>] cbSelfLoad(0x555555561730)
[23:45:29.308570] [<<<] cbSelfLoad() : OKE
[23:45:29.308591] [>>>] cbSelfLoad(0x555555561848)
[23:45:29.309116] [<<<] cbSelfLoad() : OKE
[23:45:29.309144] [>>>] cbSelfLoad(0x555555561960)
[23:45:29.309503] [<<<] cbSelfLoad() : OKE
[23:45:29.309525] [>>>] cbSelfLoad(0x555555561a78)
[23:45:29.310048] [<<<] cbSelfLoad() : OKE
[23:45:29.310087] [>>>] cbSelfLoad(0x555555561b90)
[23:45:29.311177] [<<<] cbSelfLoad() : OKE
[23:45:29.311239] [log] [myClipboardInit] Register CB_POPUP_EVENT...
[23:45:29.311259] [log] [myClipboardInit] Setup main window [480x640]
[23:45:29.311272] [>>>] createWindowContext(0x555555571800, 640, 480,  NGXXFUS' CLIPBOARD)
[23:45:29.311285] [log] [createWindowContext] Check __is_null(wdct)
[23:45:29.311325] [log] [createWindowContext] Allocate wdct *...
[23:45:29.311360] [log] [createWindowContext] Preset *wdct
[23:45:29.311379] [log] [createWindowContext] Create Windows (>>> __wdctCreateWindow)
[23:45:29.320609] [log] [createWindowContext] Create Renderer (>>> __wdctCreateRenderer)
[23:45:29.320667] [>>>] __wdctCreateRenderer(0x5555556687b0)
[23:45:29.320680] [log] [__wdctCreateRenderer] SDL_CreateRenderer
[New Thread 0x7fffe94be6c0 (LWP 24446)]
[New Thread 0x7fffe8cbd6c0 (LWP 24448)]
[New Thread 0x7fffe3fff6c0 (LWP 24457)]
[New Thread 0x7fffe37fe6c0 (LWP 24458)]
[Thread 0x7fffe37fe6c0 (LWP 24458) exited]
[Thread 0x7fffe3fff6c0 (LWP 24457) exited]
[New Thread 0x7fffe3fff6c0 (LWP 24459)]
[New Thread 0x7fffe37fe6c0 (LWP 24460)]
[23:45:29.845373] [<<<] __wdctCreateRenderer(): OKE
[23:45:29.845408] [log] [createWindowContext] Create Texture (>>> __wdctCreateTexture)
[23:45:29.847393] [<<<] createWindowContext()
[23:45:29.847453] [>>>] createWindowContext(0x555555571808, 300, 150, Default title)
[23:45:29.847466] [log] [createWindowContext] Check __is_null(wdct)
[23:45:29.847478] [log] [createWindowContext] Allocate wdct *...
[23:45:29.847494] [log] [createWindowContext] Preset *wdct
[23:45:29.847506] [log] [createWindowContext] Create Windows (>>> __wdctCreateWindow)
[23:45:29.858419] [log] [createWindowContext] Create Renderer (>>> __wdctCreateRenderer)
[23:45:29.858488] [>>>] __wdctCreateRenderer(0x55555667f000)
[23:45:29.858501] [log] [__wdctCreateRenderer] SDL_CreateRenderer
[New Thread 0x7fffe2ffd6c0 (LWP 24469)]
[New Thread 0x7fffe27fc6c0 (LWP 24470)]
[23:45:29.914614] [<<<] __wdctCreateRenderer(): OKE
[23:45:29.914675] [log] [createWindowContext] Create Texture (>>> __wdctCreateTexture)
[23:45:29.915394] [<<<] createWindowContext()
[23:45:29.918168] [log] [myClipboardInit] [+task] clipboardCaptureDaemon
[New Thread 0x7fffe1ffb6c0 (LWP 24474)]
[23:45:29.918764] [log] [myClipboardInit] [+task] cbTestThread
[23:45:29.918769] [log] [stage] Waiting for stage >= 1...
[New Thread 0x7fffe17fa6c0 (LWP 24475)]
[23:45:29.919552] [log] [stage] Waiting for INIT to finish...
[23:45:29.931755] [<<<] myClipboardInit()
[23:45:29.931771] [log] [stage] 00 → 11
[23:45:29.931777] [log] [stage] Already >= SYSTEM_RUNNING (cur=11)
[23:45:29.931778] [log] [stage] Reached stage 11
[23:45:29.931787] [>>>] clipboardCaptureService((nil))
[23:45:29.931791] [>>>] ensure_dirs()
[23:45:29.931811] [<<<] ensure_dirs(): 0
[23:45:29.932296] [>>>] get_atom(name=CLIPBOARD)
[23:45:29.932361] [log] [stage] INIT finished (stage=11)
[23:45:29.932453] [log] [cbpuPushEvent] Pushed event (code=1, data1=(nil), data2=(nil))
[23:45:29.932470] [log] [cbTestThread] sizeof(₍₍⚞(˶˃ ꒳ ˂˶)⚟⁾⁾) = 34
[23:45:29.932477] [<<<] get_atom(): 459
[23:45:29.932488] [>>>] get_atom(name=UTF8_STRING)
[23:45:29.932536] [<<<] get_atom(): 393
[23:45:29.932543] [>>>] get_atom(name=TARGETS)
[23:45:29.932613] [<<<] get_atom(): 460
[23:45:29.932625] [>>>] get_atom(name=image/png)
[23:45:29.932975] [<<<] get_atom(): 617
[23:45:29.932985] [>>>] get_atom(name=image/jpeg)
[23:45:29.933101] [<<<] get_atom(): 1079
[23:45:29.933111] [>>>] get_atom(name=CB_XCB_PROP_1)
[23:45:29.935489] [<<<] get_atom(): 1250
[23:45:29.935526] [>>>] read_nextid()
[23:45:29.935579] [<<<] read_nextid(): Done 375
[23:45:29.935584] [log] clipboard watcher started (poll 200 ms), history /tmp/clipboard/history, images /tmp/clipboard/imgs

[23:45:29.939672] [log] [__processWindowEvent] Currently, __processWindowEvent is empty!
[23:45:29.939830] [log] [__processWindowEvent] Currently, __processWindowEvent is empty!
[23:45:29.939936] [log] [__processWindowEvent] Currently, __processWindowEvent is empty!
[23:45:29.940000] [log] [__processWindowEvent] Currently, __processWindowEvent is empty!
[23:45:29.940106] [log] [__processWindowEvent] Currently, __processWindowEvent is empty!
[23:45:29.940185] [log] [__processWindowEvent] Currently, __processWindowEvent is empty!
[23:45:29.940258] [log] [__processWindowEvent] Currently, __processWindowEvent is empty!
[23:45:29.940329] [log] [__processPopupEvent] Currently, __processPopupEvent is empty!
[23:45:29.940338] [log] [__processPopupEvent] Close popup...
[23:45:29.952451] [>>>] build_data_filename(id=375, datatype=text, ext=txt.gz)
[23:45:29.952492] [log] [build_data_filename] Done: /tmp/clipboard/historydata_03
[23:45:29.952498] [<<<] build_data_filename()
[23:45:29.952504] [>>>] unlink_if_exists(path=/tmp/clipboard/historydata_03)
[23:45:29.952554] [<<<] unlink_if_exists()
[23:45:29.952562] [>>>] save_text_gzip(path=/tmp/clipboard/historydata_03, len=143)
[23:45:29.953196] [<<<] save_text_gzip(): 0
[23:45:29.953372] [>>>] append_history_path(path=/tmp/clipboard/historydata_03)
[23:45:29.953468] [<<<] append_history_path(): 0
[23:45:29.953478] [>>>] write_nextid(376)
[23:45:29.953525] [<<<] write_nextid()
[23:45:29.959612] [log] itemBg{row (y): 117, col (x): 221, h: 24, w: 30}
[23:45:29.959649] [log] itemBg{row (y): 117, col (x): 259, h: 24, w: 30}
[23:45:29.960915] [log] [__processWindowEvent] Currently, __processWindowEvent is empty!
[23:45:29.960989] [log] [__processWindowEvent] Currently, __processWindowEvent is empty!
[23:45:29.961054] [log] [__processWindowEvent] Currently, __processWindowEvent is empty!
[23:45:29.961186] [log] [__processWindowEvent] Currently, __processWindowEvent is empty!
[23:45:29.961257] [log] [__processWindowEvent] Currently, __processWindowEvent is empty!
[23:45:29.961660] [log] [__processWindowEvent] Currently, __processWindowEvent is empty!
[23:45:29.961728] [log] [__processWindowEvent] Currently, __processWindowEvent is empty!
[23:45:29.961794] [log] [__processWindowEvent] Currently, __processWindowEvent is empty!
[23:45:29.961903] [log] [__processWindowEvent] Currently, __processWindowEvent is empty!
[23:45:29.961976] [log] [__processWindowEvent] Currently, __processWindowEvent is empty!
[23:45:29.962154] [log] [__processWindowEvent] Currently, __processWindowEvent is empty!
[23:45:29.962220] [log] [__processWindowEvent] Currently, __processWindowEvent is empty!
[23:45:29.962286] [log] [__processWindowEvent] Currently, __processWindowEvent is empty!
[23:45:29.962352] [log] [__processWindowEvent] Currently, __processWindowEvent is empty!
[23:45:29.962457] [log] [__processWindowEvent] Currently, __processWindowEvent is empty!
[23:45:29.962593] [log] [__processWindowEvent] Currently, __processWindowEvent is empty!
[23:45:29.962668] [log] [__processWindowEvent] Currently, __processWindowEvent is empty!
[23:45:29.962741] [log] [__processWindowEvent] Currently, __processWindowEvent is empty!
[23:45:29.963083] [log] [__processWindowEvent] Currently, __processWindowEvent is empty!
[23:45:29.963165] [log] [__processWindowEvent] Currently, __processWindowEvent is empty!
[23:45:29.963230] [log] [__processWindowEvent] Currently, __processWindowEvent is empty!
[23:45:29.963410] [log] [__processWindowEvent] Currently, __processWindowEvent is empty!
[23:45:29.963480] [log] [__processWindowEvent] Currently, __processWindowEvent is empty!
[23:45:29.963553] [log] [__processWindowEvent] Currently, __processWindowEvent is empty!
[23:45:29.965093] [log] [__processWindowEvent] Currently, __processWindowEvent is empty!
[23:45:29.965165] [log] [__processWindowEvent] Currently, __processWindowEvent is empty!
[23:45:29.965226] [log] [__processWindowEvent] Currently, __processWindowEvent is empty!
[23:45:29.965286] [log] [__processWindowEvent] Currently, __processWindowEvent is empty!
[23:45:29.965345] [log] [__processWindowEvent] Currently, __processWindowEvent is empty!
[23:45:29.965479] [log] [__processWindowEvent] Currently, __processWindowEvent is empty!
[23:45:29.965563] [log] [__processWindowEvent] Currently, __processWindowEvent is empty!
[23:45:29.965650] [log] [__processWindowEvent] Currently, __processWindowEvent is empty!
[23:45:30.031249] [log] [__processWindowEvent] Currently, __processWindowEvent is empty!
[23:45:30.041129] [log] [__processWindowEvent] Currently, __processWindowEvent is empty!
[23:45:30.041283] [log] [__processWindowEvent] Currently, __processWindowEvent is empty!
[23:45:30.041358] [log] [__processWindowEvent] Currently, __processWindowEvent is empty!
[23:45:30.041428] [log] [__processWindowEvent] Currently, __processWindowEvent is empty!
[23:45:30.275625] [log] [__processWindowEvent] Currently, __processWindowEvent is empty!
[23:45:30.275759] [log] [__processWindowEvent] Currently, __processWindowEvent is empty!
[23:45:30.275918] [log] [__processWindowEvent] Currently, __processWindowEvent is empty!
[23:45:30.276030] [log] [__processWindowEvent] Currently, __processWindowEvent is empty!
[23:45:30.276124] [log] [__processWindowEvent] Currently, __processWindowEvent is empty!
[23:45:30.930628] [log] [__processMouseEvent] Clicked close popup button!
[23:45:30.930665] [log] [cbpuPushEvent] Pushed event (code=2, data1=(nil), data2=(nil))
[23:45:30.930678] [log] [__processMouseEvent] Clicked close popup button!
[23:45:30.930687] [log] [cbpuPushEvent] Pushed event (code=2, data1=(nil), data2=(nil))
[23:45:30.930920] [log] [__processPopupEvent] Currently, __processPopupEvent is empty!
[23:45:30.930953] [log] [__processPopupEvent] Close popup...
[23:45:30.931301] [log] [__processPopupEvent] Currently, __processPopupEvent is empty!
[23:45:30.931319] [>>>] cbmwDrawTextItem(0, This is a default clipboard content. Replace it with your actual content. (Vietnamese: Đây là nội dung mẫu. Hãy thay thế nội dung mẫu này bằng nội dung thực.) This is a default clipboard content. Replace it with your actual content. (Vietnamese: Đây là nội dung mẫu. Hãy thay thế nội dung mẫu này bằng nội dung thực.))
[23:45:30.931324] [log] [__processPopupEvent] Close popup...
[23:45:30.936492] [<<<] cbmwDrawTextItem()
[23:45:30.936525] [>>>] cbmwDrawTextItem(130, This is a default clipboard content. Replace it with your actual content. (Vietnamese: Đây là nội dung mẫu. Hãy thay thế nội dung mẫu này bằng nội dung thực.) This is a default clipboard content. Replace it with your actual content. (Vietnamese: Đây là nội dung mẫu. Hãy thay thế nội dung mẫu này bằng nội dung thực.))
[23:45:30.941478] [<<<] cbmwDrawTextItem()
[23:45:30.941516] [>>>] cbmwDrawTextItem(210, This is a default clipboard content.)
[23:45:30.941950] [<<<] cbmwDrawTextItem()
[23:45:30.941980] [>>>] cbmwDrawTextItem(256, Replace it with your actual content. (Vietnamese: Đây là nội dung mẫu. Hãy thay thế nội dung mẫu này bằng nội dung thực.) This is a default clipboard content. Replace it with your actual content. (Vietnamese: Đây là nội dung mẫu. Hãy thay thế nội dung mẫu này bằng nội dung thực.))
[23:45:30.942805] [log] [__processWindowEvent] Currently, __processWindowEvent is empty!
[23:45:30.942934] [log] [__processWindowEvent] Currently, __processWindowEvent is empty!
[23:45:30.943025] [log] [__processWindowEvent] Currently, __processWindowEvent is empty!
[23:45:30.943124] [log] [__processWindowEvent] Currently, __processWindowEvent is empty!
[23:45:30.943293] [log] [__processWindowEvent] Currently, __processWindowEvent is empty!
[23:45:30.943375] [log] [__processWindowEvent] Currently, __processWindowEvent is empty!
[23:45:30.943453] [log] [__processWindowEvent] Currently, __processWindowEvent is empty!
[23:45:30.948642] [<<<] cbmwDrawTextItem()
[23:45:30.948737] [>>>] cbmwDrawTextItem(350, Đây là nội dung mẫu. Hãy thay thế nội dung mẫu này bằng nội dung thực.) ))
[23:45:30.952453] [<<<] cbmwDrawTextItem()
[23:45:30.952497] [>>>] cbmwDrawTextItem(396, This is a default clipboard content. Replace it with your actual content. (Vietnamese: Đây là nội dung mẫu. Hãy thay thế nội dung mẫu này bằng nội dung thực.) This is a default clipboard content. Replace it with your actual content. (Vietnamese: Đây là nội dung mẫu. Hãy thay thế nội dung mẫu này bằng nội dung thực.))
[23:45:30.953193] [log] [stage] Waiting infinitely...
[23:45:32.598528] [log] [__processWindowEvent] Currently, __processWindowEvent is empty!
[23:45:32.615333] [log] [__processWindowEvent] Currently, __processWindowEvent is empty!
[23:45:37.989669] [log] [__processWindowEvent] Currently, __processWindowEvent is empty!
[23:45:37.990750] [log] [__processWindowEvent] Currently, __processWindowEvent is empty!
[23:45:37.990856] [log] [__processWindowEvent] Currently, __processWindowEvent is empty!
[23:45:38.661734] [log] [__processWindowEvent] Currently, __processWindowEvent is empty!
[23:45:38.742109] [log] [__processWindowEvent] Currently, __processWindowEvent is empty!
[23:45:38.971406] [log] Event: <SDLK_q> is pressed!
[23:45:38.971453] [log] [stage] 11 → 12
[23:45:38.971709] [<<<] main(void)
[Thread 0x7fffe27fc6c0 (LWP 24470) exited]
[Thread 0x7fffe2ffd6c0 (LWP 24469) exited]
[Thread 0x7fffe37fe6c0 (LWP 24460) exited]
[Thread 0x7fffe3fff6c0 (LWP 24459) exited]
[Thread 0x7fffe8cbd6c0 (LWP 24448) exited]
[Thread 0x7fffe94be6c0 (LWP 24446) exited]
[23:45:38.980967] [>>>] myClipboardExit()
[23:45:38.981023] [>>>] cbDeleteFont(0x555555561500)
[23:45:38.984601] [<<<] cbDeleteFont() : OKE
[23:45:38.984640] [>>>] cbDeleteFont(0x555555561618)
[23:45:38.984713] [<<<] cbDeleteFont() : OKE
[23:45:38.984724] [>>>] cbDeleteFont(0x555555561730)
[23:45:38.984747] [<<<] cbDeleteFont() : OKE
[23:45:38.984754] [>>>] cbDeleteFont(0x555555561848)
[23:45:38.984803] [<<<] cbDeleteFont() : OKE
[23:45:38.984812] [>>>] cbDeleteFont(0x555555561960)
[23:45:38.984832] [<<<] cbDeleteFont() : OKE
[23:45:38.984840] [>>>] cbDeleteFont(0x555555561a78)
[23:45:38.984858] [<<<] cbDeleteFont() : OKE
[23:45:38.984864] [>>>] cbDeleteFont(0x555555561b90)
[23:45:38.984884] [<<<] cbDeleteFont() : OKE
[23:45:38.984891] [>>>] destroyWindowContext(0x5555556687b0)
[23:45:38.991555] [<<<] destroyWindowContext()
[23:45:38.991585] [>>>] destroyWindowContext(0x55555667f000)
[23:45:38.994689] [<<<] destroyWindowContext()
[Thread 0x7fffe1ffb6c0 (LWP 24474) exited]
[Thread 0x7ffff7012040 (LWP 24392) exited]
[Thread 0x7fffe17fa6c0 (LWP 24475) exited]
[New process 24392]
[Inferior 1 (process 24392) exited normally]
No stack.
